# JRE version: Java(TM) SE Runtime Environment (7.0_40-b43) (build 1.7.0_40-b43)
# Java VM: Java HotSpot(TM) 64-Bit Server VM (24.0-b56 mixed mode windows-amd64 compressed oops)
Heap
 PSYoungGen      total 38400K, used 16196K [0x00000007d5c80000, 0x00000007d8700000, 0x0000000800000000)
  eden space 33280K, 33% used [0x00000007d5c80000,0x00000007d6754160,0x00000007d7d00000)
  from space 5120K, 99% used [0x00000007d8200000,0x00000007d86fcfb8,0x00000007d8700000)
  to   space 5120K, 0% used [0x00000007d7d00000,0x00000007d7d00000,0x00000007d8200000)
 ParOldGen       total 86016K, used 20744K [0x0000000781600000, 0x0000000786a00000, 0x00000007d5c80000)
  object space 86016K, 24% used [0x0000000781600000,0x0000000782a422b0,0x0000000786a00000)
 PSPermGen       total 22016K, used 21603K [0x000000077c400000, 0x000000077d980000, 0x0000000781600000)
  object space 22016K, 98% used [0x000000077c400000,0x000000077d918fc8,0x000000077d980000)
GC Heap History (4 events):
Event: 7.937 GC heap before
{Heap before GC invocations=1 (full 0):
 PSYoungGen      total 38400K, used 33280K [0x00000007d5c80000, 0x00000007d8700000, 0x0000000800000000)
  eden space 33280K, 100% used [0x00000007d5c80000,0x00000007d7d00000,0x00000007d7d00000)
  from space 5120K, 0% used [0x00000007d8200000,0x00000007d8200000,0x00000007d8700000)
  to   space 5120K, 0% used [0x00000007d7d00000,0x00000007d7d00000,0x00000007d8200000)
 ParOldGen       total 86016K, used 0K [0x0000000781600000, 0x0000000786a00000, 0x00000007d5c80000)
  object space 86016K, 0% used [0x0000000781600000,0x0000000781600000,0x0000000786a00000)
 PSPermGen       total 21504K, used 16288K [0x000000077c400000, 0x000000077d900000, 0x0000000781600000)
  object space 21504K, 75% used [0x000000077c400000,0x000000077d3e82c8,0x000000077d900000)
Event: 7.949 GC heap after
Heap after GC invocations=1 (full 0):
 PSYoungGen      total 38400K, used 5118K [0x00000007d5c80000, 0x00000007d8700000, 0x0000000800000000)
  eden space 33280K, 0% used [0x00000007d5c80000,0x00000007d5c80000,0x00000007d7d00000)
  from space 5120K, 99% used [0x00000007d7d00000,0x00000007d81ffbb8,0x00000007d8200000)
  to   space 5120K, 0% used [0x00000007d8200000,0x00000007d8200000,0x00000007d8700000)
 ParOldGen       total 86016K, used 1331K [0x0000000781600000, 0x0000000786a00000, 0x00000007d5c80000)
  object space 86016K, 1% used [0x0000000781600000,0x000000078174ced0,0x0000000786a00000)
 PSPermGen       total 21504K, used 16288K [0x000000077c400000, 0x000000077d900000, 0x0000000781600000)
  object space 21504K, 75% used [0x000000077c400000,0x000000077d3e82c8,0x000000077d900000)
}
Event: 11.900 GC heap before
{Heap before GC invocations=2 (full 0):
 PSYoungGen      total 38400K, used 38160K [0x00000007d5c80000, 0x00000007d8700000, 0x0000000800000000)
  eden space 33280K, 99% used [0x00000007d5c80000,0x00000007d7cc4830,0x00000007d7d00000)
  from space 5120K, 99% used [0x00000007d7d00000,0x00000007d81ffbb8,0x00000007d8200000)
  to   space 5120K, 0% used [0x00000007d8200000,0x00000007d8200000,0x00000007d8700000)
 ParOldGen       total 86016K, used 1331K [0x0000000781600000, 0x0000000786a00000, 0x00000007d5c80000)
  object space 86016K, 1% used [0x0000000781600000,0x000000078174ced0,0x0000000786a00000)
 PSPermGen       total 21504K, used 20409K [0x000000077c400000, 0x000000077d900000, 0x0000000781600000)
  object space 21504K, 94% used [0x000000077c400000,0x000000077d7ee718,0x000000077d900000)
Event: 11.921 GC heap after
Heap after GC invocations=2 (full 0):
 PSYoungGen      total 38400K, used 5107K [0x00000007d5c80000, 0x00000007d8700000, 0x0000000800000000)
  eden space 33280K, 0% used [0x00000007d5c80000,0x00000007d5c80000,0x00000007d7d00000)
  from space 5120K, 99% used [0x00000007d8200000,0x00000007d86fcfb8,0x00000007d8700000)
  to   space 5120K, 0% used [0x00000007d7d00000,0x00000007d7d00000,0x00000007d8200000)
 ParOldGen       total 86016K, used 20744K [0x0000000781600000, 0x0000000786a00000, 0x00000007d5c80000)
  object space 86016K, 24% used [0x0000000781600000,0x0000000782a422b0,0x0000000786a00000)
 PSPermGen       total 21504K, used 20409K [0x000000077c400000, 0x000000077d900000, 0x0000000781600000)
  object space 21504K, 94% used [0x000000077c400000,0x000000077d7ee718,0x000000077d900000)
}

